<?xml version="1.0" encoding="UTF-8"?>
<testng-results ignored="0" total="2" passed="2" failed="0" skipped="0">
  <reporter-output>
  </reporter-output>
  <suite started-at="2024-03-14T07:05:46Z" name="Default suite" finished-at="2024-03-14T07:05:57Z" duration-ms="10945">
    <groups>
      <group name="cucumber">
        <method signature="AbstractTestNGCucumberTests.runScenario(io.cucumber.testng.PickleWrapper, io.cucumber.testng.FeatureWrapper)[pri:0, instance:TestRunner.LoginPageTestRunner@30f842ca]" name="runScenario" class="io.cucumber.testng.AbstractTestNGCucumberTests"/>
      </group> <!-- cucumber -->
    </groups>
    <test started-at="2024-03-14T07:05:46Z" name="Default test" finished-at="2024-03-14T07:05:57Z" duration-ms="10945">
      <class name="TestRunner.LoginPageTestRunner">
        <test-method is-config="true" signature="setUpClass(org.testng.ITestContext)[pri:0, instance:TestRunner.LoginPageTestRunner@30f842ca]" started-at="2024-03-14T12:35:46Z" name="setUpClass" finished-at="2024-03-14T12:35:47Z" duration-ms="635" status="PASS">
          <params>
            <param index="0">
              <value>
                <![CDATA[org.testng.TestRunner@64968732]]>
              </value>
            </param>
          </params>
          <reporter-output>
          </reporter-output>
        </test-method> <!-- setUpClass -->
        <test-method signature="runScenario(io.cucumber.testng.PickleWrapper, io.cucumber.testng.FeatureWrapper)[pri:0, instance:TestRunner.LoginPageTestRunner@30f842ca]" started-at="2024-03-14T12:35:47Z" name="runScenario" description="Runs Cucumber Scenarios" data-provider="scenarios" finished-at="2024-03-14T12:35:53Z" duration-ms="6415" status="PASS">
          <params>
            <param index="0">
              <value>
                <![CDATA["Check Login is succesfully with valid credentials"]]>
              </value>
            </param>
            <param index="1">
              <value>
                <![CDATA["Login Page Automation for sauceDemo App"]]>
              </value>
            </param>
          </params>
          <reporter-output>
          </reporter-output>
        </test-method> <!-- runScenario -->
        <test-method signature="runScenario(io.cucumber.testng.PickleWrapper, io.cucumber.testng.FeatureWrapper)[pri:0, instance:TestRunner.LoginPageTestRunner@30f842ca]" started-at="2024-03-14T12:35:53Z" name="runScenario" description="Runs Cucumber Scenarios" data-provider="scenarios" finished-at="2024-03-14T12:35:57Z" duration-ms="3816" status="PASS">
          <params>
            <param index="0">
              <value>
                <![CDATA["Check Login is succesfully with valid credentials"]]>
              </value>
            </param>
            <param index="1">
              <value>
                <![CDATA["Login Page Automation for sauceDemo App"]]>
              </value>
            </param>
          </params>
          <reporter-output>
          </reporter-output>
        </test-method> <!-- runScenario -->
        <test-method is-config="true" signature="tearDownClass()[pri:0, instance:TestRunner.LoginPageTestRunner@30f842ca]" started-at="2024-03-14T12:35:57Z" name="tearDownClass" finished-at="2024-03-14T12:35:57Z" duration-ms="44" status="PASS">
          <reporter-output>
          </reporter-output>
        </test-method> <!-- tearDownClass -->
      </class> <!-- TestRunner.LoginPageTestRunner -->
    </test> <!-- Default test -->
  </suite> <!-- Default suite -->
</testng-results>
